app/build/intermediates/manifest_merge_blame_file/debug/processDebugMainManifest/manifest-merger-blame-debug-report.txt
1<?xml version="1.0" encoding="utf-8"?>
2<manifest xmlns:android="http://schemas.android.com/apk/res/android"
3    package="com.cloudpos.diagonallinetest"
4    android:versionCode="12"
5    android:versionName="1.2" >
6
7    <uses-sdk
8        android:maxSdkVersion="33"
9        android:minSdkVersion="31"
10        android:targetSdkVersion="31" />
11    <!-- android:sharedUserId="android.uid.system"> -->
12
13    <uses-permission android:name="android.permission.CLOUDPOS_CASHBOX_ADAPTER" />
13-->src/main/AndroidManifest.xml:7:5-83
13-->src/main/AndroidManifest.xml:7:22-80
14    <uses-permission android:name="android.permission.CLOUDPOS_PRINTER_ADAPTER" />
14-->src/main/AndroidManifest.xml:8:5-83
14-->src/main/AndroidManifest.xml:8:22-80
15    <uses-permission android:name="android.permission.SYSTEM_ALERT_WINDOW" />
15-->src/main/AndroidManifest.xml:11:5-78
15-->src/main/AndroidManifest.xml:11:22-75
16    <uses-permission android:name="android.permission.WAKE_LOCK" />
16-->src/main/AndroidManifest.xml:12:5-68
16-->src/main/AndroidManifest.xml:12:22-65
17    <uses-permission android:name="android.permission.CLOUDPOS_PRINTER" />
17-->src/main/AndroidManifest.xml:13:5-75
17-->src/main/AndroidManifest.xml:13:22-72
18    <uses-permission android:name="android.permission.READ_EXTERNAL_STORAGE" />
18-->src/main/AndroidManifest.xml:14:5-80
18-->src/main/AndroidManifest.xml:14:22-77
19    <uses-permission android:name="android.permission.WRITE_EXTERNAL_STORAGE" />
19-->src/main/AndroidManifest.xml:15:5-16:40
19-->src/main/AndroidManifest.xml:15:22-78
20    <uses-permission android:name="android.permission.READ_MEDIA_IMAGES" />
20-->src/main/AndroidManifest.xml:17:5-76
20-->src/main/AndroidManifest.xml:17:22-73
21    <!-- <uses-permission android:name="android.permission.READ_MEDIA_VIDEO" /> -->
22    <!-- <uses-permission android:name="android.permission.READ_MEDIA_AUDIO" /> -->
23
24    <uses-permission android:name="android.permission.CAMERA" />
24-->src/main/AndroidManifest.xml:22:5-64
24-->src/main/AndroidManifest.xml:22:22-62
25
26    <uses-feature
26-->src/main/AndroidManifest.xml:24:5-84
27        android:name="android.hardware.camera"
27-->src/main/AndroidManifest.xml:24:19-57
28        android:required="false" />
28-->src/main/AndroidManifest.xml:24:58-82
29    <uses-feature
29-->src/main/AndroidManifest.xml:25:5-94
30        android:name="android.hardware.camera.autofocus"
30-->src/main/AndroidManifest.xml:25:19-67
31        android:required="false" />
31-->src/main/AndroidManifest.xml:25:68-92
32    <uses-feature
32-->src/main/AndroidManifest.xml:26:5-90
33        android:name="android.hardware.camera.front"
33-->src/main/AndroidManifest.xml:26:19-63
34        android:required="false" />
34-->src/main/AndroidManifest.xml:26:64-88
35    <uses-feature
35-->src/main/AndroidManifest.xml:27:5-100
36        android:name="android.hardware.camera.front.autofocus"
36-->src/main/AndroidManifest.xml:27:19-73
37        android:required="false" />
37-->src/main/AndroidManifest.xml:27:74-98
38
39    <queries>
39-->src/main/AndroidManifest.xml:67:5-73:15
40        <intent>
40-->src/main/AndroidManifest.xml:68:9-72:18
41            <action android:name="android.intent.action.VIEW" />
41-->src/main/AndroidManifest.xml:69:13-65
41-->src/main/AndroidManifest.xml:69:21-62
42
43            <category android:name="android.intent.category.BROWSABLE" />
43-->src/main/AndroidManifest.xml:70:13-74
43-->src/main/AndroidManifest.xml:70:23-71
44
45            <data android:scheme="https" />
45-->src/main/AndroidManifest.xml:71:13-44
45-->src/main/AndroidManifest.xml:71:19-41
46        </intent>
47
48        <package android:name="com.android.vending" />
48-->[com.google.android.engage:engage-core:1.5.2] AndroidManifest.xml:9:9-55
48-->[com.google.android.engage:engage-core:1.5.2] AndroidManifest.xml:9:18-52
49        <package android:name="com.google.android.engage.verifyapp" />
49-->[com.google.android.engage:engage-core:1.5.2] AndroidManifest.xml:10:9-71
49-->[com.google.android.engage:engage-core:1.5.2] AndroidManifest.xml:10:18-68
50    </queries>
51
52    <uses-permission android:name="android.permission.ACCESS_NETWORK_STATE" />
52-->[androidx.work:work-runtime:2.7.0] AndroidManifest.xml:26:5-79
52-->[androidx.work:work-runtime:2.7.0] AndroidManifest.xml:26:22-76
53    <uses-permission android:name="android.permission.RECEIVE_BOOT_COMPLETED" />
53-->[androidx.work:work-runtime:2.7.0] AndroidManifest.xml:27:5-81
53-->[androidx.work:work-runtime:2.7.0] AndroidManifest.xml:27:22-78
54    <uses-permission android:name="android.permission.FOREGROUND_SERVICE" />
54-->[androidx.work:work-runtime:2.7.0] AndroidManifest.xml:28:5-77
54-->[androidx.work:work-runtime:2.7.0] AndroidManifest.xml:28:22-74
55
56    <application
56-->src/main/AndroidManifest.xml:30:5-66:19
57        android:allowBackup="true"
57-->src/main/AndroidManifest.xml:31:9-35
58        android:appComponentFactory="androidx.core.app.CoreComponentFactory"
58-->[androidx.core:core:1.6.0] AndroidManifest.xml:24:18-86
59        android:debuggable="true"
60        android:extractNativeLibs="false"
61        android:icon="@mipmap/ic_launcher"
61-->src/main/AndroidManifest.xml:32:9-43
62        android:label="@string/app_name"
62-->src/main/AndroidManifest.xml:33:9-41
63        android:supportsRtl="true"
63-->src/main/AndroidManifest.xml:34:9-35
64        android:testOnly="true"
65        android:theme="@style/AppTheme" >
65-->src/main/AndroidManifest.xml:35:9-40
66        <activity
66-->src/main/AndroidManifest.xml:36:9-42:20
67            android:name="com.cloudpos.diagonallinetest.MainActivity"
67-->src/main/AndroidManifest.xml:36:19-47
68            android:exported="true" >
68-->src/main/AndroidManifest.xml:36:48-71
69            <intent-filter>
69-->src/main/AndroidManifest.xml:37:13-41:29
70                <action android:name="android.intent.action.MAIN" />
70-->src/main/AndroidManifest.xml:38:17-69
70-->src/main/AndroidManifest.xml:38:25-66
71
72                <category android:name="android.intent.category.LAUNCHER" />
72-->src/main/AndroidManifest.xml:40:17-77
72-->src/main/AndroidManifest.xml:40:27-74
73            </intent-filter>
74        </activity>
75
76        <provider
76-->src/main/AndroidManifest.xml:43:9-51:20
77            android:name="androidx.core.content.FileProvider"
77-->src/main/AndroidManifest.xml:44:13-62
78            android:authorities="com.example.android.fileprovider"
78-->src/main/AndroidManifest.xml:45:13-67
79            android:exported="false"
79-->src/main/AndroidManifest.xml:46:13-37
80            android:grantUriPermissions="true" >
80-->src/main/AndroidManifest.xml:47:13-47
81            <meta-data
81-->src/main/AndroidManifest.xml:48:13-50:54
82                android:name="android.support.FILE_PROVIDER_PATHS"
82-->src/main/AndroidManifest.xml:49:17-67
83                android:resource="@xml/file_paths" />
83-->src/main/AndroidManifest.xml:50:17-51
84        </provider>
85
86        <activity
86-->src/main/AndroidManifest.xml:52:9-58:20
87            android:name="com.cloudpos.diagonallinetest.PrintDetection"
87-->src/main/AndroidManifest.xml:52:19-49
88            android:exported="true" >
88-->src/main/AndroidManifest.xml:52:50-73
89            <intent-filter>
89-->src/main/AndroidManifest.xml:53:13-57:29
90                <action android:name="android.intent.action.MAIN" />
90-->src/main/AndroidManifest.xml:38:17-69
90-->src/main/AndroidManifest.xml:38:25-66
91
92                <category android:name="android.intent.category.DEFAULT" />
92-->src/main/AndroidManifest.xml:56:17-76
92-->src/main/AndroidManifest.xml:56:27-73
93            </intent-filter>
94        </activity>
95        <activity
95-->src/main/AndroidManifest.xml:59:9-65:20
96            android:name="com.cloudpos.diagonallinetest.CameraMethods"
96-->src/main/AndroidManifest.xml:59:19-48
97            android:exported="true" >
97-->src/main/AndroidManifest.xml:59:49-72
98            <intent-filter>
98-->src/main/AndroidManifest.xml:53:13-57:29
99                <action android:name="android.intent.action.MAIN" />
99-->src/main/AndroidManifest.xml:38:17-69
99-->src/main/AndroidManifest.xml:38:25-66
100
101                <category android:name="android.intent.category.DEFAULT" />
101-->src/main/AndroidManifest.xml:56:17-76
101-->src/main/AndroidManifest.xml:56:27-73
102            </intent-filter>
103        </activity>
104
105        <meta-data
105-->[com.google.android.gms:play-services-basement:18.4.0] AndroidManifest.xml:6:9-122
106            android:name="com.google.android.gms.version"
106-->[com.google.android.gms:play-services-basement:18.4.0] AndroidManifest.xml:6:20-65
107            android:value="@integer/google_play_services_version" />
107-->[com.google.android.gms:play-services-basement:18.4.0] AndroidManifest.xml:6:66-119
108
109        <provider
109-->[androidx.work:work-runtime:2.7.0] AndroidManifest.xml:31:9-39:20
110            android:name="androidx.startup.InitializationProvider"
110-->[androidx.work:work-runtime:2.7.0] AndroidManifest.xml:32:13-67
111            android:authorities="com.cloudpos.diagonallinetest.androidx-startup"
111-->[androidx.work:work-runtime:2.7.0] AndroidManifest.xml:33:13-68
112            android:exported="false" >
112-->[androidx.work:work-runtime:2.7.0] AndroidManifest.xml:34:13-37
113            <meta-data
113-->[androidx.work:work-runtime:2.7.0] AndroidManifest.xml:36:13-38:52
114                android:name="androidx.work.WorkManagerInitializer"
114-->[androidx.work:work-runtime:2.7.0] AndroidManifest.xml:37:17-68
115                android:value="androidx.startup" />
115-->[androidx.work:work-runtime:2.7.0] AndroidManifest.xml:38:17-49
116        </provider>
117
118        <service
118-->[androidx.work:work-runtime:2.7.0] AndroidManifest.xml:41:9-46:35
119            android:name="androidx.work.impl.background.systemalarm.SystemAlarmService"
119-->[androidx.work:work-runtime:2.7.0] AndroidManifest.xml:42:13-88
120            android:directBootAware="false"
120-->[androidx.work:work-runtime:2.7.0] AndroidManifest.xml:43:13-44
121            android:enabled="@bool/enable_system_alarm_service_default"
121-->[androidx.work:work-runtime:2.7.0] AndroidManifest.xml:44:13-72
122            android:exported="false" />
122-->[androidx.work:work-runtime:2.7.0] AndroidManifest.xml:45:13-37
123        <service
123-->[androidx.work:work-runtime:2.7.0] AndroidManifest.xml:47:9-53:35
124            android:name="androidx.work.impl.background.systemjob.SystemJobService"
124-->[androidx.work:work-runtime:2.7.0] AndroidManifest.xml:48:13-84
125            android:directBootAware="false"
125-->[androidx.work:work-runtime:2.7.0] AndroidManifest.xml:49:13-44
126            android:enabled="@bool/enable_system_job_service_default"
126-->[androidx.work:work-runtime:2.7.0] AndroidManifest.xml:50:13-70
127            android:exported="true"
127-->[androidx.work:work-runtime:2.7.0] AndroidManifest.xml:51:13-36
128            android:permission="android.permission.BIND_JOB_SERVICE" />
128-->[androidx.work:work-runtime:2.7.0] AndroidManifest.xml:52:13-69
129        <service
129-->[androidx.work:work-runtime:2.7.0] AndroidManifest.xml:54:9-59:35
130            android:name="androidx.work.impl.foreground.SystemForegroundService"
130-->[androidx.work:work-runtime:2.7.0] AndroidManifest.xml:55:13-81
131            android:directBootAware="false"
131-->[androidx.work:work-runtime:2.7.0] AndroidManifest.xml:56:13-44
132            android:enabled="@bool/enable_system_foreground_service_default"
132-->[androidx.work:work-runtime:2.7.0] AndroidManifest.xml:57:13-77
133            android:exported="false" />
133-->[androidx.work:work-runtime:2.7.0] AndroidManifest.xml:58:13-37
134
135        <receiver
135-->[androidx.work:work-runtime:2.7.0] AndroidManifest.xml:61:9-66:35
136            android:name="androidx.work.impl.utils.ForceStopRunnable$BroadcastReceiver"
136-->[androidx.work:work-runtime:2.7.0] AndroidManifest.xml:62:13-88
137            android:directBootAware="false"
137-->[androidx.work:work-runtime:2.7.0] AndroidManifest.xml:63:13-44
138            android:enabled="true"
138-->[androidx.work:work-runtime:2.7.0] AndroidManifest.xml:64:13-35
139            android:exported="false" />
139-->[androidx.work:work-runtime:2.7.0] AndroidManifest.xml:65:13-37
140        <receiver
140-->[androidx.work:work-runtime:2.7.0] AndroidManifest.xml:67:9-77:20
141            android:name="androidx.work.impl.background.systemalarm.ConstraintProxy$BatteryChargingProxy"
141-->[androidx.work:work-runtime:2.7.0] AndroidManifest.xml:68:13-106
142            android:directBootAware="false"
142-->[androidx.work:work-runtime:2.7.0] AndroidManifest.xml:69:13-44
143            android:enabled="false"
143-->[androidx.work:work-runtime:2.7.0] AndroidManifest.xml:70:13-36
144            android:exported="false" >
144-->[androidx.work:work-runtime:2.7.0] AndroidManifest.xml:71:13-37
145            <intent-filter>
145-->[androidx.work:work-runtime:2.7.0] AndroidManifest.xml:73:13-76:29
146                <action android:name="android.intent.action.ACTION_POWER_CONNECTED" />
146-->[androidx.work:work-runtime:2.7.0] AndroidManifest.xml:74:17-87
146-->[androidx.work:work-runtime:2.7.0] AndroidManifest.xml:74:25-84
147                <action android:name="android.intent.action.ACTION_POWER_DISCONNECTED" />
147-->[androidx.work:work-runtime:2.7.0] AndroidManifest.xml:75:17-90
147-->[androidx.work:work-runtime:2.7.0] AndroidManifest.xml:75:25-87
148            </intent-filter>
149        </receiver>
150        <receiver
150-->[androidx.work:work-runtime:2.7.0] AndroidManifest.xml:78:9-88:20
151            android:name="androidx.work.impl.background.systemalarm.ConstraintProxy$BatteryNotLowProxy"
151-->[androidx.work:work-runtime:2.7.0] AndroidManifest.xml:79:13-104
152            android:directBootAware="false"
152-->[androidx.work:work-runtime:2.7.0] AndroidManifest.xml:80:13-44
153            android:enabled="false"
153-->[androidx.work:work-runtime:2.7.0] AndroidManifest.xml:81:13-36
154            android:exported="false" >
154-->[androidx.work:work-runtime:2.7.0] AndroidManifest.xml:82:13-37
155            <intent-filter>
155-->[androidx.work:work-runtime:2.7.0] AndroidManifest.xml:84:13-87:29
156                <action android:name="android.intent.action.BATTERY_OKAY" />
156-->[androidx.work:work-runtime:2.7.0] AndroidManifest.xml:85:17-77
156-->[androidx.work:work-runtime:2.7.0] AndroidManifest.xml:85:25-74
157                <action android:name="android.intent.action.BATTERY_LOW" />
157-->[androidx.work:work-runtime:2.7.0] AndroidManifest.xml:86:17-76
157-->[androidx.work:work-runtime:2.7.0] AndroidManifest.xml:86:25-73
158            </intent-filter>
159        </receiver>
160        <receiver
160-->[androidx.work:work-runtime:2.7.0] AndroidManifest.xml:89:9-99:20
161            android:name="androidx.work.impl.background.systemalarm.ConstraintProxy$StorageNotLowProxy"
161-->[androidx.work:work-runtime:2.7.0] AndroidManifest.xml:90:13-104
162            android:directBootAware="false"
162-->[androidx.work:work-runtime:2.7.0] AndroidManifest.xml:91:13-44
163            android:enabled="false"
163-->[androidx.work:work-runtime:2.7.0] AndroidManifest.xml:92:13-36
164            android:exported="false" >
164-->[androidx.work:work-runtime:2.7.0] AndroidManifest.xml:93:13-37
165            <intent-filter>
165-->[androidx.work:work-runtime:2.7.0] AndroidManifest.xml:95:13-98:29
166                <action android:name="android.intent.action.DEVICE_STORAGE_LOW" />
166-->[androidx.work:work-runtime:2.7.0] AndroidManifest.xml:96:17-83
166-->[androidx.work:work-runtime:2.7.0] AndroidManifest.xml:96:25-80
167                <action android:name="android.intent.action.DEVICE_STORAGE_OK" />
167-->[androidx.work:work-runtime:2.7.0] AndroidManifest.xml:97:17-82
167-->[androidx.work:work-runtime:2.7.0] AndroidManifest.xml:97:25-79
168            </intent-filter>
169        </receiver>
170        <receiver
170-->[androidx.work:work-runtime:2.7.0] AndroidManifest.xml:100:9-109:20
171            android:name="androidx.work.impl.background.systemalarm.ConstraintProxy$NetworkStateProxy"
171-->[androidx.work:work-runtime:2.7.0] AndroidManifest.xml:101:13-103
172            android:directBootAware="false"
172-->[androidx.work:work-runtime:2.7.0] AndroidManifest.xml:102:13-44
173            android:enabled="false"
173-->[androidx.work:work-runtime:2.7.0] AndroidManifest.xml:103:13-36
174            android:exported="false" >
174-->[androidx.work:work-runtime:2.7.0] AndroidManifest.xml:104:13-37
175            <intent-filter>
175-->[androidx.work:work-runtime:2.7.0] AndroidManifest.xml:106:13-108:29
176                <action android:name="android.net.conn.CONNECTIVITY_CHANGE" />
176-->[androidx.work:work-runtime:2.7.0] AndroidManifest.xml:107:17-79
176-->[androidx.work:work-runtime:2.7.0] AndroidManifest.xml:107:25-76
177            </intent-filter>
178        </receiver>
179        <receiver
179-->[androidx.work:work-runtime:2.7.0] AndroidManifest.xml:110:9-121:20
180            android:name="androidx.work.impl.background.systemalarm.RescheduleReceiver"
180-->[androidx.work:work-runtime:2.7.0] AndroidManifest.xml:111:13-88
181            android:directBootAware="false"
181-->[androidx.work:work-runtime:2.7.0] AndroidManifest.xml:112:13-44
182            android:enabled="false"
182-->[androidx.work:work-runtime:2.7.0] AndroidManifest.xml:113:13-36
183            android:exported="false" >
183-->[androidx.work:work-runtime:2.7.0] AndroidManifest.xml:114:13-37
184            <intent-filter>
184-->[androidx.work:work-runtime:2.7.0] AndroidManifest.xml:116:13-120:29
185                <action android:name="android.intent.action.BOOT_COMPLETED" />
185-->[androidx.work:work-runtime:2.7.0] AndroidManifest.xml:117:17-79
185-->[androidx.work:work-runtime:2.7.0] AndroidManifest.xml:117:25-76
186                <action android:name="android.intent.action.TIME_SET" />
186-->[androidx.work:work-runtime:2.7.0] AndroidManifest.xml:118:17-73
186-->[androidx.work:work-runtime:2.7.0] AndroidManifest.xml:118:25-70
187                <action android:name="android.intent.action.TIMEZONE_CHANGED" />
187-->[androidx.work:work-runtime:2.7.0] AndroidManifest.xml:119:17-81
187-->[androidx.work:work-runtime:2.7.0] AndroidManifest.xml:119:25-78
188            </intent-filter>
189        </receiver>
190        <receiver
190-->[androidx.work:work-runtime:2.7.0] AndroidManifest.xml:122:9-131:20
191            android:name="androidx.work.impl.background.systemalarm.ConstraintProxyUpdateReceiver"
191-->[androidx.work:work-runtime:2.7.0] AndroidManifest.xml:123:13-99
192            android:directBootAware="false"
192-->[androidx.work:work-runtime:2.7.0] AndroidManifest.xml:124:13-44
193            android:enabled="@bool/enable_system_alarm_service_default"
193-->[androidx.work:work-runtime:2.7.0] AndroidManifest.xml:125:13-72
194            android:exported="false" >
194-->[androidx.work:work-runtime:2.7.0] AndroidManifest.xml:126:13-37
195            <intent-filter>
195-->[androidx.work:work-runtime:2.7.0] AndroidManifest.xml:128:13-130:29
196                <action android:name="androidx.work.impl.background.systemalarm.UpdateProxies" />
196-->[androidx.work:work-runtime:2.7.0] AndroidManifest.xml:129:17-98
196-->[androidx.work:work-runtime:2.7.0] AndroidManifest.xml:129:25-95
197            </intent-filter>
198        </receiver>
199        <receiver
199-->[androidx.work:work-runtime:2.7.0] AndroidManifest.xml:132:9-142:20
200            android:name="androidx.work.impl.diagnostics.DiagnosticsReceiver"
200-->[androidx.work:work-runtime:2.7.0] AndroidManifest.xml:133:13-78
201            android:directBootAware="false"
201-->[androidx.work:work-runtime:2.7.0] AndroidManifest.xml:134:13-44
202            android:enabled="true"
202-->[androidx.work:work-runtime:2.7.0] AndroidManifest.xml:135:13-35
203            android:exported="true"
203-->[androidx.work:work-runtime:2.7.0] AndroidManifest.xml:136:13-36
204            android:permission="android.permission.DUMP" >
204-->[androidx.work:work-runtime:2.7.0] AndroidManifest.xml:137:13-57
205            <intent-filter>
205-->[androidx.work:work-runtime:2.7.0] AndroidManifest.xml:139:13-141:29
206                <action android:name="androidx.work.diagnostics.REQUEST_DIAGNOSTICS" />
206-->[androidx.work:work-runtime:2.7.0] AndroidManifest.xml:140:17-88
206-->[androidx.work:work-runtime:2.7.0] AndroidManifest.xml:140:25-85
207            </intent-filter>
208        </receiver>
209
210        <service
210-->[androidx.room:room-runtime:2.2.5] AndroidManifest.xml:25:9-28:40
211            android:name="androidx.room.MultiInstanceInvalidationService"
211-->[androidx.room:room-runtime:2.2.5] AndroidManifest.xml:26:13-74
212            android:directBootAware="true"
212-->[androidx.room:room-runtime:2.2.5] AndroidManifest.xml:27:13-43
213            android:exported="false" />
213-->[androidx.room:room-runtime:2.2.5] AndroidManifest.xml:28:13-37
214    </application>
215
216</manifest>